Change Component Designator: Old Designator=C10 New Designator=C8
Change Component Designator: Old Designator=C24 New Designator=C3
Change Component Designator: Old Designator=C28 New Designator=C4
Change Component Designator: Old Designator=C29 New Designator=C5
Change Component Designator: Old Designator=C30 New Designator=C6
Change Component Designator: Old Designator=C31 New Designator=C7
Change Component Designator: Old Designator=D1 New Designator=D2
Change Component Designator: Old Designator=D2 New Designator=D3
Change Component Designator: Old Designator=D? New Designator=D4
Change Component Designator: Old Designator=GUART.MS New Designator=GUART.MS1
Change Component Designator: Old Designator=GUART.SM New Designator=GUART.SM1
Change Component Designator: Old Designator=I2C1_SCL New Designator=I2
Change Component Designator: Old Designator=I2C1_SDA New Designator=I3
Change Component Designator: Old Designator=I2C2_SCL New Designator=I4
Change Component Designator: Old Designator=I2C2_SDA New Designator=I5
Change Component Designator: Old Designator=P? New Designator=P4
Change Component Designator: Old Designator=R12 New Designator=R4
Change Component Designator: Old Designator=R16 New Designator=R3
Change Component Designator: Old Designator=R26 New Designator=R5
Change Component Designator: Old Designator=R27 New Designator=R6
Change Component Designator: Old Designator=R? New Designator=R7
Change Component Designator: Old Designator=RUART.MS New Designator=RUART.MS1
Change Component Designator: Old Designator=RUART.SM New Designator=RUART.SM1
Change Component Designator: Old Designator=S? New Designator=S2
Change Component Designator: Old Designator=S? New Designator=S3
Change Component Designator: Old Designator=S? New Designator=S4
Change Component Designator: Old Designator=U5 New Designator=U1
Change Component Designator: Old Designator=VUART.MS New Designator=VUART.MS1
Change Component Designator: Old Designator=VUART.SM New Designator=VUART.SM1
Change Component Designator: Old Designator=XUART.MS New Designator=XUART.MS1
Change Component Designator: Old Designator=XUART.SM New Designator=XUART.SM1
