PCAD Importer Log
Project : DM3AT-SF-PEJM5.LibPkg

Section : \\engin-labs.m.storage.umich.edu\ssscrazy\windat.V2\Desktop\DM3AT-SF-PEJM5.lia
    Section : PCB Library - DM3AT-SF-PEJM5.PcbLib
        Section : Load Messages
            Warning - 1 : Skipping Token isVisible On Line 197
            Warning - 1 : Skipping Token isVisible On Line 206
            Warning - 1 : Skipping Token DM3AT-SF-PEJM5 On Line 306
            Warning - 1 : Skipping Token attachedSymbol On Line 482
        EndSection

        Section : Import Messages
            Warning - 0 : PCAD Pattern Graphics [*HRS_DM3AT-SF-PEJM5][Primary] associated with PCAD Component [DM3AT-SF-PEJM5] has been renamed to PCB FootPrint [*HRS_DM3AT-SF-PEJM5_DM3AT-SF-PEJM5(Primary)].
        EndSection
    EndSection

    Section : SCH Library - DM3AT-SF-PEJM5.SchLib
        Section : Parsing Messages
            Warning - 1 : Skipping Token padStyleDef On Line 9
            Warning - 1 : Skipping Token padStyleDef On Line 21
            Warning - 1 : Skipping Token padStyleDef On Line 33
            Warning - 1 : Skipping Token padStyleDef On Line 45
            Warning - 1 : Skipping Token padStyleDef On Line 57
            Warning - 1 : Skipping Token multiLayer On Line 132
            Warning - 1 : Skipping Token layerContents On Line 148
            Warning - 1 : Skipping Token layerContents On Line 180
            Warning - 1 : Skipping Token layerContents On Line 190
            Warning - 1 : Skipping Token layerContents On Line 199
            Warning - 1 : Skipping Token layerContents On Line 208
            Warning - 1 : Skipping Token layerContents On Line 240
            Warning - 1 : Skipping Token layerContents On Line 272
            Warning - 1 : Skipping Token isVisible On Line 447
            Warning - 1 : Skipping Token isVisible On Line 448
        EndSection

        Section : Generating SCH Library - DM3AT-SF-PEJM5.SchLib
            Warning - 0 : PCAD Pattern Graphics [*HRS_DM3AT-SF-PEJM5][Primary] associated with PCAD Component [DM3AT-SF-PEJM5] has been renamed to PCB FootPrint [*HRS_DM3AT-SF-PEJM5_DM3AT-SF-PEJM5(Primary)].
        EndSection
    EndSection
EndSection
